2021-11-06 20:50:21.035 +0530 [debug] ([34mlogger.js[0m) [31mStarting FDK in node v12.22.5 on linux[0m
2021-11-06 20:50:22.091 +0530 [debug] ([34msequelize.js[0m) [31msetting up sqilite at "/home/chaitanya/Desktop/FreshwrksHackathon/Bookmark-Tickets-With-Notes/.fdk/store.sqlite"[0m
2021-11-06 20:50:22.247 +0530 [debug] ([34mindex.js[0m) [31mRunning with args {"cmd":"run","gopts":{},"opts":{},"goptArg":{},"optArg":{},"args":[]}[0m
2021-11-06 20:50:22.248 +0530 [debug] ([34mdata-util.js[0m) [31mRead {"version_details":{"fdkCli":{"version":"7.1.0","dl":"https://dl.freshdev.io/cli/fdk-7.1.0.tgz","cmd":"npm install https://dl.freshdev.io/cli/fdk-7.1.0.tgz -g"},"addon":{"version":"1.9.15","dl":"https://dl.freshdev.io/cli-addon/addon-1.9.15.zip"},"forced_versions":["4.3.6"]},"last_updated":{"time_stamp":1636191520646}}[0m
2021-11-06 20:50:22.249 +0530 [debug] ([34mupdater.js[0m) [31mlast check less than an day ago, not looking for updates[0m
2021-11-06 20:50:22.513 +0530 [debug] ([34mmanifest.js[0m) [31mReloading manifest with {"platform-version":"2.2","product":{"freshservice":{"location":{"ticket_sidebar":{"url":"index.html","icon":"styles/images/icon.svg"}}}},"whitelisted-domains":[],"engines":{"node":"12.22.5","fdk":"7.1.0"}}.[0m
2021-11-06 20:50:22.514 +0530 [debug] ([34mmanifest.js[0m) [31mInferred db as features.[0m
2021-11-06 20:50:22.516 +0530 [debug] ([34mdata-util.js[0m) [31mRead {"version_details":{"fdkCli":{"version":"7.1.0","dl":"https://dl.freshdev.io/cli/fdk-7.1.0.tgz","cmd":"npm install https://dl.freshdev.io/cli/fdk-7.1.0.tgz -g"},"addon":{"version":"1.9.15","dl":"https://dl.freshdev.io/cli-addon/addon-1.9.15.zip"},"forced_versions":["4.3.6"]},"last_updated":{"time_stamp":1636191520646}}[0m
2021-11-06 20:50:22.533 +0530 [debug] ([34mdata-util.js[0m) [31mRead {"version_details":{"fdkCli":{"version":"7.1.0","dl":"https://dl.freshdev.io/cli/fdk-7.1.0.tgz","cmd":"npm install https://dl.freshdev.io/cli/fdk-7.1.0.tgz -g"},"addon":{"version":"1.9.15","dl":"https://dl.freshdev.io/cli-addon/addon-1.9.15.zip"},"forced_versions":["4.3.6"]},"last_updated":{"time_stamp":1636191520646}}[0m
2021-11-06 20:50:24.325 +0530 [debug] ([34mdata-util.js[0m) [31mRead {"version_details":{"fdkCli":{"version":"7.1.0","dl":"https://dl.freshdev.io/cli/fdk-7.1.0.tgz","cmd":"npm install https://dl.freshdev.io/cli/fdk-7.1.0.tgz -g"},"addon":{"version":"1.9.15","dl":"https://dl.freshdev.io/cli-addon/addon-1.9.15.zip"},"forced_versions":["4.3.6"]},"last_updated":{"time_stamp":1636191520646}}[0m
2021-11-06 20:50:25.577 +0530 [debug] ([34mvalidate.js[0m) [31masked to skip the following validations, [0m
2021-11-06 20:50:25.578 +0530 [debug] ([34mvalidate.js[0m) [31mrunning validator actions[0m
2021-11-06 20:50:25.578 +0530 [debug] ([34mvalidate.js[0m) [31mrunning validator app-dir[0m
2021-11-06 20:50:25.580 +0530 [debug] ([34mvalidate.js[0m) [31mrunning validator config-dir[0m
2021-11-06 20:50:25.581 +0530 [debug] ([34mconfig-dir.js[0m) [31mChecking to see if /home/chaitanya/Desktop/FreshwrksHackathon/Bookmark-Tickets-With-Notes/config/ exists.[0m
2021-11-06 20:50:25.581 +0530 [debug] ([34mconfig-dir.js[0m) [31mFetched the following config files iparams.json[0m
2021-11-06 20:50:25.582 +0530 [debug] ([34mvalidate.js[0m) [31mrunning validator custom-objects[0m
2021-11-06 20:50:25.582 +0530 [debug] ([34mvalidate.js[0m) [31mrunning validator event[0m
2021-11-06 20:50:25.583 +0530 [debug] ([34mvalidate.js[0m) [31mrunning validator iparam[0m
2021-11-06 20:50:25.586 +0530 [debug] ([34mvalidate.js[0m) [31mskipping validator lint[0m
2021-11-06 20:50:25.586 +0530 [debug] ([34mvalidate.js[0m) [31mrunning validator manifest[0m
2021-11-06 20:50:25.586 +0530 [debug] ([34mmanifest.js[0m) [31mrunning manifest validation with type run_validation[0m
2021-11-06 20:50:25.591 +0530 [debug] ([34mvalidate.js[0m) [31mskipping validator manifest-dependency[0m
2021-11-06 20:50:25.592 +0530 [debug] ([34mvalidate.js[0m) [31mrunning validator oauth[0m
2021-11-06 20:50:25.592 +0530 [debug] ([34mvalidate.js[0m) [31mskipping validator pkgsize[0m
2021-11-06 20:50:25.593 +0530 [debug] ([34mvalidate.js[0m) [31mrunning validator schema[0m
2021-11-06 20:50:25.594 +0530 [debug] ([34mvalidate.js[0m) [31mrunning validator version-check[0m
2021-11-06 20:50:25.595 +0530 [debug] ([34mvalidators.js[0m) [31mValidating manifest with platform version "2.2"[0m
2021-11-06 20:50:25.598 +0530 [debug] ([34mwatcher.js[0m) [31mPreparing to watch the following files ./app,./config,./manifest.json[0m
2021-11-06 20:50:25.606 +0530 [debug] ([34mdata-util.js[0m) [31mRead {}[0m
2021-11-06 20:50:25.606 +0530 [debug] ([34mcustom-objects.js[0m) [31mto force or not? false[0m
2021-11-06 20:50:25.607 +0530 [debug] ([34mcustom-objects.js[0m) [31mbeginning to re-sync db[0m
2021-11-06 20:50:27.926 +0530 [debug] ([34mindex.js[0m) [31mloading model at "/usr/local/lib/node_modules/fdk/lib/models/bigint-pivot.js"[0m
2021-11-06 20:50:27.966 +0530 [debug] ([34mindex.js[0m) [31mloading model at "/usr/local/lib/node_modules/fdk/lib/models/entity-field-choice.js"[0m
2021-11-06 20:50:27.967 +0530 [debug] ([34mindex.js[0m) [31mloading model at "/usr/local/lib/node_modules/fdk/lib/models/entity-field.js"[0m
2021-11-06 20:50:27.969 +0530 [debug] ([34mindex.js[0m) [31mloading model at "/usr/local/lib/node_modules/fdk/lib/models/entity.js"[0m
2021-11-06 20:50:27.970 +0530 [debug] ([34mindex.js[0m) [31mloading model at "/usr/local/lib/node_modules/fdk/lib/models/record.js"[0m
2021-11-06 20:50:27.984 +0530 [debug] ([34mindex.js[0m) [31mloading model at "/usr/local/lib/node_modules/fdk/lib/models/string-pivot.js"[0m
2021-11-06 20:50:28.079 +0530 [debug] ([34mdata-util.js[0m) [31mRead {}[0m
2021-11-06 20:50:28.086 +0530 [debug] ([34mcustom-objects.js[0m) [31mupdated local store with latest entity hash[0m
2021-11-06 20:50:28.090 +0530 [info] Starting local testing server at http://*:10001/    
Append 'dev=true' to your Freshservice account URL to start testing    
e.g. https://domain.freshservice.com/helpdesk/tickets/1?dev=true    
Quit the server with Control-C.
2021-11-06 20:51:07.954 +0530 [debug] ([34mdata-util.js[0m) [31mRead {}[0m
2021-11-06 20:51:07.956 +0530 [debug] ([34mdata-util.js[0m) [31mRead {}[0m
2021-11-06 20:51:07.960 +0530 [debug] ([34miframe.js[0m) [31mResponding to product with {"configs":{},"displayName":"Bookmark-Tickets-With-Notes","product":{"freshservice":{"location":{"ticket_sidebar":{"url":"index.html","icon":"styles/images/icon.svg"}}}},"features":["db"],"actions":false,"omni":false,"products":["freshservice"],"platform":"2.2","v2":[{"id":1,"version_id":1,"configs":{},"displayName":"Bookmark-Tickets-With-Notes","placeholders":{"ticket_sidebar":{"url":"http://localhost:10001/iframe/index.html","icon":"styles/images/icon.svg"}}}]}[0m
2021-11-06 20:51:09.134 +0530 [debug] ([34mdata-util.js[0m) [31mRead {}[0m
2021-11-06 20:51:09.141 +0530 [debug] ([34mdata-util.js[0m) [31mRead {}[0m
2021-11-06 20:51:09.142 +0530 [debug] ([34miframe.js[0m) [31mResponding to product with {"configs":{},"displayName":"Bookmark-Tickets-With-Notes","product":{"freshservice":{"location":{"ticket_sidebar":{"url":"index.html","icon":"styles/images/icon.svg"}}}},"features":["db"],"actions":false,"omni":false,"products":["freshservice"],"platform":"2.2","v2":[{"id":1,"version_id":1,"configs":{},"displayName":"Bookmark-Tickets-With-Notes","placeholders":{"ticket_sidebar":{"url":"http://localhost:10001/iframe/index.html","icon":"styles/images/icon.svg"}}}]}[0m
2021-11-06 20:51:14.346 +0530 [debug] ([34miframe.js[0m) [31mResponding with contents of /index.html[0m
2021-11-06 20:51:14.447 +0530 [debug] ([34miframe.js[0m) [31mResponding with contents of /scripts/app.js[0m
2021-11-06 20:51:14.448 +0530 [debug] ([34mcoverage-util.js[0m) [31mInstrumenting /home/chaitanya/Desktop/FreshwrksHackathon/Bookmark-Tickets-With-Notes/app/scripts/app.js[0m
2021-11-06 20:51:16.572 +0530 [debug] ([34mdata-pipe.js[0m) [31mreceived call for route "db" with action "fetch" and body {"dbKey":"ticket_bookmarks:27000084825","action":"fetch"}[0m
2021-11-06 20:51:16.575 +0530 [debug] ([34mdata-util.js[0m) [31mRead {}[0m
2021-11-06 20:51:17.677 +0530 [debug] ([34mcoverage-util.js[0m) [31mWriting coverage.[0m
2021-11-06 20:51:21.676 +0530 [debug] ([34mcoverage-util.js[0m) [31mWriting coverage.[0m
2021-11-06 20:51:27.674 +0530 [debug] ([34mcoverage-util.js[0m) [31mWriting coverage.[0m
2021-11-06 20:51:29.674 +0530 [debug] ([34mcoverage-util.js[0m) [31mWriting coverage.[0m
2021-11-06 20:51:31.674 +0530 [debug] ([34mcoverage-util.js[0m) [31mWriting coverage.[0m
2021-11-06 20:51:33.672 +0530 [debug] ([34mcoverage-util.js[0m) [31mWriting coverage.[0m
2021-11-06 20:51:35.674 +0530 [debug] ([34mcoverage-util.js[0m) [31mWriting coverage.[0m
2021-11-06 20:51:37.674 +0530 [debug] ([34mcoverage-util.js[0m) [31mWriting coverage.[0m
2021-11-06 20:51:37.964 +0530 [debug] ([34mdata-pipe.js[0m) [31mreceived call for route "db" with action "fetch" and body {"dbKey":"ticket_bookmarks:27000084825","action":"fetch"}[0m
2021-11-06 20:51:37.966 +0530 [debug] ([34mdata-util.js[0m) [31mRead {}[0m
2021-11-06 20:51:37.982 +0530 [debug] ([34mdata-pipe.js[0m) [31mreceived call for route "db" with action "store" and body {"dbKey":"ticket_bookmarks:27000084825","data":{"tickets":[{"display_id":5,"subject":"Keyboard not working issue","notes":"hello hello hello hello hello online ost - 2 -"}]},"options":{},"action":"store"}[0m
2021-11-06 20:51:37.986 +0530 [debug] ([34mdata-util.js[0m) [31mRead {}[0m
2021-11-06 20:51:37.989 +0530 [debug] ([34mdb.js[0m) [31mStored {"tickets":[{"display_id":5,"subject":"Keyboard not working issue","notes":"hello hello hello hello hello online ost - 2 -"}],"createdAt":1636212097984,"updatedAt":1636212097984} with key Bookmark-Tickets-With-Notes:ticket_bookmarks:27000084825_freshservice[0m
2021-11-06 20:51:39.672 +0530 [debug] ([34mcoverage-util.js[0m) [31mWriting coverage.[0m
2021-11-06 20:51:42.958 +0530 [debug] ([34miframe.js[0m) [31mResponding with contents of /views/modal.html[0m
2021-11-06 20:51:43.021 +0530 [debug] ([34miframe.js[0m) [31mResponding with contents of /scripts/modal.js[0m
2021-11-06 20:51:43.022 +0530 [debug] ([34mcoverage-util.js[0m) [31mInstrumenting /home/chaitanya/Desktop/FreshwrksHackathon/Bookmark-Tickets-With-Notes/app/scripts/modal.js[0m
2021-11-06 20:51:43.687 +0530 [debug] ([34mcoverage-util.js[0m) [31mWriting coverage.[0m
2021-11-06 20:51:45.072 +0530 [debug] ([34mdata-pipe.js[0m) [31mreceived call for route "db" with action "fetch" and body {"dbKey":"ticket_bookmarks:27000084825","action":"fetch"}[0m
2021-11-06 20:51:45.074 +0530 [debug] ([34mdata-util.js[0m) [31mRead {"Bookmark-Tickets-With-Notes:ticket_bookmarks:27000084825_freshservice":{"tickets":[{"display_id":5,"subject":"Keyboard not working issue","notes":"hello hello hello hello hello online ost - 2 -"}],"createdAt":1636212097984,"updatedAt":1636212097984}}[0m
2021-11-06 20:51:45.091 +0530 [debug] ([34mdata-pipe.js[0m) [31mreceived call for route "db" with action "store" and body {"dbKey":"ticket_bookmarks:27000084825","data":{"tickets":[]},"options":{},"action":"store"}[0m
2021-11-06 20:51:45.092 +0530 [debug] ([34mdata-util.js[0m) [31mRead {"Bookmark-Tickets-With-Notes:ticket_bookmarks:27000084825_freshservice":{"tickets":[{"display_id":5,"subject":"Keyboard not working issue","notes":"hello hello hello hello hello online ost - 2 -"}],"createdAt":1636212097984,"updatedAt":1636212097984}}[0m
2021-11-06 20:51:45.093 +0530 [debug] ([34mdb.js[0m) [31mStored {"tickets":[],"createdAt":1636212105092,"updatedAt":1636212105092} with key Bookmark-Tickets-With-Notes:ticket_bookmarks:27000084825_freshservice[0m
2021-11-06 20:51:45.343 +0530 [debug] ([34mcoverage-util.js[0m) [31mWriting coverage.[0m
2021-11-06 20:51:45.674 +0530 [debug] ([34mcoverage-util.js[0m) [31mWriting coverage.[0m
2021-11-06 20:51:51.228 +0530 [debug] ([34mdata-pipe.js[0m) [31mreceived call for route "db" with action "fetch" and body {"dbKey":"ticket_bookmarks:27000084825","action":"fetch"}[0m
2021-11-06 20:51:51.229 +0530 [debug] ([34mdata-util.js[0m) [31mRead {"Bookmark-Tickets-With-Notes:ticket_bookmarks:27000084825_freshservice":{"tickets":[],"createdAt":1636212105092,"updatedAt":1636212105092}}[0m
2021-11-06 20:51:51.279 +0530 [debug] ([34mdata-pipe.js[0m) [31mreceived call for route "db" with action "store" and body {"dbKey":"ticket_bookmarks:27000084825","data":{"tickets":[{"display_id":5,"subject":"Keyboard not working issue","notes":"bmbigj\\\n"}]},"options":{},"action":"store"}[0m
2021-11-06 20:51:51.280 +0530 [debug] ([34mdata-util.js[0m) [31mRead {"Bookmark-Tickets-With-Notes:ticket_bookmarks:27000084825_freshservice":{"tickets":[],"createdAt":1636212105092,"updatedAt":1636212105092}}[0m
2021-11-06 20:51:51.290 +0530 [debug] ([34mdb.js[0m) [31mStored {"tickets":[{"display_id":5,"subject":"Keyboard not working issue","notes":"bmbigj\\\n"}],"createdAt":1636212111280,"updatedAt":1636212111280} with key Bookmark-Tickets-With-Notes:ticket_bookmarks:27000084825_freshservice[0m
2021-11-06 20:51:51.671 +0530 [debug] ([34mcoverage-util.js[0m) [31mWriting coverage.[0m
2021-11-06 20:51:52.557 +0530 [debug] ([34miframe.js[0m) [31mResponding with contents of /views/modal.html[0m
2021-11-06 20:51:52.621 +0530 [debug] ([34miframe.js[0m) [31mResponding with contents of /scripts/modal.js[0m
2021-11-06 20:51:52.622 +0530 [debug] ([34mcoverage-util.js[0m) [31mInstrumenting /home/chaitanya/Desktop/FreshwrksHackathon/Bookmark-Tickets-With-Notes/app/scripts/modal.js[0m
2021-11-06 20:51:53.673 +0530 [debug] ([34mcoverage-util.js[0m) [31mWriting coverage.[0m
2021-11-06 20:51:54.834 +0530 [debug] ([34mcoverage-util.js[0m) [31mWriting coverage.[0m
2021-11-06 20:51:59.041 +0530 [info] 
NOTE: We recommend a coverage of 80% for apps that are to be published in the public marketplace.
2021-11-06 21:04:35.759 +0530 [debug] ([34mlogger.js[0m) [31mStarting FDK in node v12.22.5 on linux[0m
2021-11-06 21:04:44.886 +0530 [debug] ([34msequelize.js[0m) [31msetting up sqilite at "/home/chaitanya/Desktop/FreshwrksHackathon/Bookmark-Tickets-With-Notes/.fdk/store.sqlite"[0m
2021-11-06 21:04:46.428 +0530 [debug] ([34mindex.js[0m) [31mRunning with args {"cmd":"pack","gopts":{},"opts":{},"goptArg":{},"optArg":{},"args":[]}[0m
2021-11-06 21:04:46.448 +0530 [debug] ([34mdata-util.js[0m) [31mRead {"version_details":{"fdkCli":{"version":"7.1.0","dl":"https://dl.freshdev.io/cli/fdk-7.1.0.tgz","cmd":"npm install https://dl.freshdev.io/cli/fdk-7.1.0.tgz -g"},"addon":{"version":"1.9.15","dl":"https://dl.freshdev.io/cli-addon/addon-1.9.15.zip"},"forced_versions":["4.3.6"]},"last_updated":{"time_stamp":1636191520646}}[0m
2021-11-06 21:04:46.449 +0530 [debug] ([34mupdater.js[0m) [31mlast check less than an day ago, not looking for updates[0m
2021-11-06 21:04:47.401 +0530 [debug] ([34mmanifest.js[0m) [31mReloading manifest with {"platform-version":"2.2","product":{"freshservice":{"location":{"ticket_sidebar":{"url":"index.html","icon":"styles/images/icon.svg"}}}},"whitelisted-domains":[],"engines":{"node":"12.22.5","fdk":"7.1.0"}}.[0m
2021-11-06 21:04:47.402 +0530 [debug] ([34mmanifest.js[0m) [31mInferred db as features.[0m
2021-11-06 21:04:47.404 +0530 [debug] ([34mdata-util.js[0m) [31mRead {"version_details":{"fdkCli":{"version":"7.1.0","dl":"https://dl.freshdev.io/cli/fdk-7.1.0.tgz","cmd":"npm install https://dl.freshdev.io/cli/fdk-7.1.0.tgz -g"},"addon":{"version":"1.9.15","dl":"https://dl.freshdev.io/cli-addon/addon-1.9.15.zip"},"forced_versions":["4.3.6"]},"last_updated":{"time_stamp":1636191520646}}[0m
2021-11-06 21:04:55.620 +0530 [debug] ([34mdata-util.js[0m) [31mRead {"version_details":{"fdkCli":{"version":"7.1.0","dl":"https://dl.freshdev.io/cli/fdk-7.1.0.tgz","cmd":"npm install https://dl.freshdev.io/cli/fdk-7.1.0.tgz -g"},"addon":{"version":"1.9.15","dl":"https://dl.freshdev.io/cli-addon/addon-1.9.15.zip"},"forced_versions":["4.3.6"]},"last_updated":{"time_stamp":1636191520646}}[0m
2021-11-06 21:05:00.618 +0530 [debug] ([34mpack.js[0m) [31m'pack' called with {}[0m
2021-11-06 21:05:00.619 +0530 [debug] ([34mvalidate.js[0m) [31masked to skip the following validations, [0m
2021-11-06 21:05:00.620 +0530 [debug] ([34mvalidate.js[0m) [31mrunning validator actions[0m
2021-11-06 21:05:00.622 +0530 [debug] ([34mvalidate.js[0m) [31mrunning validator app-dir[0m
2021-11-06 21:05:00.624 +0530 [debug] ([34mvalidate.js[0m) [31mrunning validator config-dir[0m
2021-11-06 21:05:00.625 +0530 [debug] ([34mconfig-dir.js[0m) [31mChecking to see if /home/chaitanya/Desktop/FreshwrksHackathon/Bookmark-Tickets-With-Notes/config/ exists.[0m
2021-11-06 21:05:00.626 +0530 [debug] ([34mconfig-dir.js[0m) [31mFetched the following config files iparams.json[0m
2021-11-06 21:05:00.626 +0530 [debug] ([34mvalidate.js[0m) [31mrunning validator custom-objects[0m
2021-11-06 21:05:00.626 +0530 [debug] ([34mvalidate.js[0m) [31mrunning validator event[0m
2021-11-06 21:05:00.626 +0530 [debug] ([34mvalidate.js[0m) [31mrunning validator iparam[0m
2021-11-06 21:05:00.629 +0530 [debug] ([34mvalidate.js[0m) [31mrunning validator lint[0m
2021-11-06 21:05:00.629 +0530 [debug] ([34mlint.js[0m) [31mpassed fix flag: undefined[0m
2021-11-06 21:05:00.631 +0530 [debug] ([34mlint-util.js[0m) [31mRunning the following lints on the file app/scripts/app.js : no-caller,no-process-env,complexity,max-nested-callbacks,handle-callback-err,no-eval,no-alert,no-debugger,no-unreachable,no-unlisted-url,no-unhandled-promise,no-logging-rejections,no-non-client-request-model,no-cross-scope-assign,no-empty-function,no-unused-vars[0m
2021-11-06 21:05:01.077 +0530 [debug] ([34mlint-util.js[0m) [31mRunning the following lints on the file app/scripts/modal.js : no-caller,no-process-env,complexity,max-nested-callbacks,handle-callback-err,no-eval,no-alert,no-debugger,no-unreachable,no-unlisted-url,no-unhandled-promise,no-logging-rejections,no-non-client-request-model,no-cross-scope-assign,no-empty-function,no-unused-vars[0m
2021-11-06 21:05:01.112 +0530 [debug] ([34mvalidate.js[0m) [31mrunning validator manifest[0m
2021-11-06 21:05:01.112 +0530 [debug] ([34mmanifest.js[0m) [31mrunning manifest validation with type pre_pkg_validation[0m
2021-11-06 21:05:01.115 +0530 [debug] ([34mvalidate.js[0m) [31mrunning validator manifest-dependency[0m
2021-11-06 21:05:01.115 +0530 [debug] ([34mvalidate.js[0m) [31mrunning validator oauth[0m
2021-11-06 21:05:01.116 +0530 [debug] ([34mvalidate.js[0m) [31mskipping validator pkgsize[0m
2021-11-06 21:05:01.116 +0530 [debug] ([34mvalidate.js[0m) [31mskipping validator schema[0m
2021-11-06 21:05:01.116 +0530 [debug] ([34mvalidate.js[0m) [31mrunning validator version-check[0m
2021-11-06 21:05:01.117 +0530 [debug] ([34mvalidators.js[0m) [31mValidating manifest with platform version "2.2"[0m
2021-11-06 21:05:01.119 +0530 [warn] Please ensure that the following are addressed for quick review process.
2021-11-06 21:05:01.119 +0530 [warn] [33m[WARN][0m app/scripts/app.js::72: 'tickets' declared and assigned in different scopes. Possible asynchronous race condition.
2021-11-06 21:05:01.120 +0530 [warn] [33m[WARN][0m app/scripts/app.js::116: Expected rejection to be handled.
2021-11-06 21:05:01.120 +0530 [warn] [33m[WARN][0m app/scripts/app.js::125: Expected rejection to be handled.
2021-11-06 21:05:01.120 +0530 [warn] [33m[WARN][0m app/scripts/app.js::126: 'userId' declared and assigned in different scopes. Possible asynchronous race condition.
2021-11-06 21:05:01.120 +0530 [warn] [33m[WARN][0m app/scripts/app.js::127: 'displayId' declared and assigned in different scopes. Possible asynchronous race condition.
2021-11-06 21:05:01.120 +0530 [warn] [33m[WARN][0m app/scripts/app.js::128: 'domainName' declared and assigned in different scopes. Possible asynchronous race condition.
2021-11-06 21:05:01.121 +0530 [warn] [33m[WARN][0m app/scripts/app.js::130: 'currentTicketObj' declared and assigned in different scopes. Possible asynchronous race condition.
2021-11-06 21:05:01.121 +0530 [warn] [33m[WARN][0m app/scripts/app.js::132: Expected rejection to be handled.
2021-11-06 21:05:01.121 +0530 [warn] [33m[WARN][0m app/scripts/app.js::133: 'tickets' declared and assigned in different scopes. Possible asynchronous race condition.
2021-11-06 21:05:01.121 +0530 [warn] [33m[WARN][0m app/scripts/app.js::139: 'recognizing' declared and assigned in different scopes. Possible asynchronous race condition.
2021-11-06 21:05:01.121 +0530 [warn] [33m[WARN][0m app/scripts/app.js::163: 'recognizing' declared and assigned in different scopes. Possible asynchronous race condition.
2021-11-06 21:05:01.122 +0530 [warn] [33m[WARN][0m app/scripts/app.js::174: 'recognizing' declared and assigned in different scopes. Possible asynchronous race condition.
2021-11-06 21:05:01.122 +0530 [warn] [33m[WARN][0m app/scripts/modal.js::23: Expected rejection to be handled.
2021-11-06 21:05:01.122 +0530 [warn] [33m[WARN][0m app/scripts/modal.js::26: Expected rejection to be handled.
2021-11-06 21:05:01.122 +0530 [warn] [33m[WARN][0m app/scripts/modal.js::33: Too many nested callbacks (5). Maximum allowed is 4.
2021-11-06 21:05:01.122 +0530 [error] 
2021-11-06 21:05:01.123 +0530 [info] App being packed in Node v12.22.5 using FDK 7.1.0
2021-11-06 21:05:01.244 +0530 [debug] ([34mpack.js[0m) [31mCannot find './src' directory while packing.[0m
2021-11-06 21:05:01.246 +0530 [debug] ([34mpack.js[0m) [31mCannot find './server' directory while packing.[0m
2021-11-06 21:05:01.254 +0530 [debug] ([34mfile-util.js[0m) [31mComputing digest for app/index.html,app/scripts/app.js,app/scripts/modal.js,app/styles/images/delete.svg,app/styles/images/edit.svg,app/styles/images/icon.svg,app/styles/styles.css,app/views/modal.html,manifest.json.[0m
2021-11-06 21:05:01.258 +0530 [debug] ([34mpack.js[0m) [31mPacking ./app/index.html[0m
2021-11-06 21:05:01.259 +0530 [debug] ([34mpack.js[0m) [31mPacking ./app/scripts/app.js[0m
2021-11-06 21:05:01.260 +0530 [debug] ([34mpack.js[0m) [31mPacking ./app/scripts/modal.js[0m
2021-11-06 21:05:01.260 +0530 [debug] ([34mpack.js[0m) [31mPacking ./app/styles/images/delete.svg[0m
2021-11-06 21:05:01.260 +0530 [debug] ([34mpack.js[0m) [31mPacking ./app/styles/images/edit.svg[0m
2021-11-06 21:05:01.260 +0530 [debug] ([34mpack.js[0m) [31mPacking ./app/styles/images/icon.svg[0m
2021-11-06 21:05:01.261 +0530 [debug] ([34mpack.js[0m) [31mPacking ./app/styles/styles.css[0m
2021-11-06 21:05:01.261 +0530 [debug] ([34mpack.js[0m) [31mPacking ./app/views/modal.html[0m
2021-11-06 21:05:01.262 +0530 [debug] ([34mpack.js[0m) [31mPacking ./config/iparams.json[0m
2021-11-06 21:05:01.262 +0530 [debug] ([34mpack.js[0m) [31mPacking ./manifest.json[0m
2021-11-06 21:05:01.262 +0530 [debug] ([34mpack.js[0m) [31mPacking ./.report.json[0m
2021-11-06 21:05:01.262 +0530 [debug] ([34mpack.js[0m) [31mPacking ./README.md[0m
2021-11-06 21:05:01.262 +0530 [debug] ([34mpack.js[0m) [31mPacking ./digest.md5[0m
2021-11-06 21:05:01.415 +0530 [debug] ([34mvalidate.js[0m) [31masked to skip the following validations, [0m
2021-11-06 21:05:01.416 +0530 [debug] ([34mvalidate.js[0m) [31mskipping validator actions[0m
2021-11-06 21:05:01.416 +0530 [debug] ([34mvalidate.js[0m) [31mskipping validator app-dir[0m
2021-11-06 21:05:01.417 +0530 [debug] ([34mvalidate.js[0m) [31mskipping validator config-dir[0m
2021-11-06 21:05:01.417 +0530 [debug] ([34mvalidate.js[0m) [31mskipping validator custom-objects[0m
2021-11-06 21:05:01.417 +0530 [debug] ([34mvalidate.js[0m) [31mskipping validator event[0m
2021-11-06 21:05:01.417 +0530 [debug] ([34mvalidate.js[0m) [31mskipping validator iparam[0m
2021-11-06 21:05:01.417 +0530 [debug] ([34mvalidate.js[0m) [31mskipping validator lint[0m
2021-11-06 21:05:01.417 +0530 [debug] ([34mvalidate.js[0m) [31mskipping validator manifest[0m
2021-11-06 21:05:01.418 +0530 [debug] ([34mvalidate.js[0m) [31mskipping validator manifest-dependency[0m
2021-11-06 21:05:01.418 +0530 [debug] ([34mvalidate.js[0m) [31mskipping validator oauth[0m
2021-11-06 21:05:01.418 +0530 [debug] ([34mvalidate.js[0m) [31mrunning validator pkgsize[0m
2021-11-06 21:05:01.418 +0530 [debug] ([34mvalidate.js[0m) [31mskipping validator schema[0m
2021-11-06 21:05:01.419 +0530 [debug] ([34mvalidate.js[0m) [31mskipping validator version-check[0m
2021-11-06 21:05:01.419 +0530 [info] App packed successfully at /dist/Bookmark-Tickets-With-Notes.zip
2021-11-06 21:05:01.420 +0530 [info] Upload this file to the marketplace by following the instructions at https://developer.freshservice.com/docs/freshservice-apps/
2021-11-06 21:05:01.420 +0530 [debug] ([34mfile-util.js[0m) [31mDeleting digest.[0m
2021-11-06 21:13:50.844 +0530 [debug] ([34mlogger.js[0m) [31mStarting FDK in node v12.22.5 on linux[0m
2021-11-06 21:13:52.205 +0530 [debug] ([34msequelize.js[0m) [31msetting up sqilite at "/home/chaitanya/Desktop/FreshwrksHackathon/Bookmark-Tickets-With-Notes/.fdk/store.sqlite"[0m
2021-11-06 21:13:52.558 +0530 [debug] ([34mindex.js[0m) [31mRunning with args {"cmd":"run","gopts":{},"opts":{},"goptArg":{},"optArg":{},"args":[]}[0m
2021-11-06 21:13:52.564 +0530 [debug] ([34mdata-util.js[0m) [31mRead {"version_details":{"fdkCli":{"version":"7.1.0","dl":"https://dl.freshdev.io/cli/fdk-7.1.0.tgz","cmd":"npm install https://dl.freshdev.io/cli/fdk-7.1.0.tgz -g"},"addon":{"version":"1.9.15","dl":"https://dl.freshdev.io/cli-addon/addon-1.9.15.zip"},"forced_versions":["4.3.6"]},"last_updated":{"time_stamp":1636191520646}}[0m
2021-11-06 21:13:52.565 +0530 [debug] ([34mupdater.js[0m) [31mlast check less than an day ago, not looking for updates[0m
2021-11-06 21:13:54.832 +0530 [debug] ([34mmanifest.js[0m) [31mReloading manifest with {"platform-version":"2.2","product":{"freshservice":{"location":{"ticket_sidebar":{"url":"index.html","icon":"styles/images/icon.svg"}}}},"whitelisted-domains":[],"engines":{"node":"12.22.5","fdk":"7.1.0"}}.[0m
2021-11-06 21:13:54.833 +0530 [debug] ([34mmanifest.js[0m) [31mInferred db as features.[0m
2021-11-06 21:13:54.839 +0530 [debug] ([34mdata-util.js[0m) [31mRead {"version_details":{"fdkCli":{"version":"7.1.0","dl":"https://dl.freshdev.io/cli/fdk-7.1.0.tgz","cmd":"npm install https://dl.freshdev.io/cli/fdk-7.1.0.tgz -g"},"addon":{"version":"1.9.15","dl":"https://dl.freshdev.io/cli-addon/addon-1.9.15.zip"},"forced_versions":["4.3.6"]},"last_updated":{"time_stamp":1636191520646}}[0m
2021-11-06 21:13:54.867 +0530 [debug] ([34mdata-util.js[0m) [31mRead {"version_details":{"fdkCli":{"version":"7.1.0","dl":"https://dl.freshdev.io/cli/fdk-7.1.0.tgz","cmd":"npm install https://dl.freshdev.io/cli/fdk-7.1.0.tgz -g"},"addon":{"version":"1.9.15","dl":"https://dl.freshdev.io/cli-addon/addon-1.9.15.zip"},"forced_versions":["4.3.6"]},"last_updated":{"time_stamp":1636191520646}}[0m
2021-11-06 21:13:57.346 +0530 [debug] ([34mdata-util.js[0m) [31mRead {"version_details":{"fdkCli":{"version":"7.1.0","dl":"https://dl.freshdev.io/cli/fdk-7.1.0.tgz","cmd":"npm install https://dl.freshdev.io/cli/fdk-7.1.0.tgz -g"},"addon":{"version":"1.9.15","dl":"https://dl.freshdev.io/cli-addon/addon-1.9.15.zip"},"forced_versions":["4.3.6"]},"last_updated":{"time_stamp":1636191520646}}[0m
2021-11-06 21:13:59.560 +0530 [debug] ([34mvalidate.js[0m) [31masked to skip the following validations, [0m
2021-11-06 21:13:59.569 +0530 [debug] ([34mvalidate.js[0m) [31mrunning validator actions[0m
2021-11-06 21:13:59.573 +0530 [debug] ([34mvalidate.js[0m) [31mrunning validator app-dir[0m
2021-11-06 21:13:59.595 +0530 [debug] ([34mvalidate.js[0m) [31mrunning validator config-dir[0m
2021-11-06 21:13:59.596 +0530 [debug] ([34mconfig-dir.js[0m) [31mChecking to see if /home/chaitanya/Desktop/FreshwrksHackathon/Bookmark-Tickets-With-Notes/config/ exists.[0m
2021-11-06 21:13:59.597 +0530 [debug] ([34mconfig-dir.js[0m) [31mFetched the following config files iparams.json[0m
2021-11-06 21:13:59.602 +0530 [debug] ([34mvalidate.js[0m) [31mrunning validator custom-objects[0m
2021-11-06 21:13:59.602 +0530 [debug] ([34mvalidate.js[0m) [31mrunning validator event[0m
2021-11-06 21:13:59.603 +0530 [debug] ([34mvalidate.js[0m) [31mrunning validator iparam[0m
2021-11-06 21:13:59.623 +0530 [debug] ([34mvalidate.js[0m) [31mskipping validator lint[0m
2021-11-06 21:13:59.623 +0530 [debug] ([34mvalidate.js[0m) [31mrunning validator manifest[0m
2021-11-06 21:13:59.624 +0530 [debug] ([34mmanifest.js[0m) [31mrunning manifest validation with type run_validation[0m
2021-11-06 21:13:59.632 +0530 [debug] ([34mvalidate.js[0m) [31mskipping validator manifest-dependency[0m
2021-11-06 21:13:59.632 +0530 [debug] ([34mvalidate.js[0m) [31mrunning validator oauth[0m
2021-11-06 21:13:59.633 +0530 [debug] ([34mvalidate.js[0m) [31mskipping validator pkgsize[0m
2021-11-06 21:13:59.633 +0530 [debug] ([34mvalidate.js[0m) [31mrunning validator schema[0m
2021-11-06 21:13:59.634 +0530 [debug] ([34mvalidate.js[0m) [31mrunning validator version-check[0m
2021-11-06 21:13:59.636 +0530 [debug] ([34mvalidators.js[0m) [31mValidating manifest with platform version "2.2"[0m
2021-11-06 21:13:59.642 +0530 [debug] ([34mwatcher.js[0m) [31mPreparing to watch the following files ./app,./config,./manifest.json[0m
2021-11-06 21:13:59.650 +0530 [debug] ([34mdata-util.js[0m) [31mRead {"Bookmark-Tickets-With-Notes:ticket_bookmarks:27000084825_freshservice":{"tickets":[{"display_id":5,"subject":"Keyboard not working issue","notes":"bmbigj\\\n"}],"createdAt":1636212111280,"updatedAt":1636212111280}}[0m
2021-11-06 21:13:59.651 +0530 [debug] ([34mcustom-objects.js[0m) [31mto force or not? false[0m
2021-11-06 21:13:59.651 +0530 [debug] ([34mcustom-objects.js[0m) [31mbeginning to re-sync db[0m
2021-11-06 21:14:06.450 +0530 [debug] ([34mindex.js[0m) [31mloading model at "/usr/local/lib/node_modules/fdk/lib/models/bigint-pivot.js"[0m
2021-11-06 21:14:06.469 +0530 [debug] ([34mindex.js[0m) [31mloading model at "/usr/local/lib/node_modules/fdk/lib/models/entity-field-choice.js"[0m
2021-11-06 21:14:06.473 +0530 [debug] ([34mindex.js[0m) [31mloading model at "/usr/local/lib/node_modules/fdk/lib/models/entity-field.js"[0m
2021-11-06 21:14:06.476 +0530 [debug] ([34mindex.js[0m) [31mloading model at "/usr/local/lib/node_modules/fdk/lib/models/entity.js"[0m
2021-11-06 21:14:06.478 +0530 [debug] ([34mindex.js[0m) [31mloading model at "/usr/local/lib/node_modules/fdk/lib/models/record.js"[0m
2021-11-06 21:14:06.485 +0530 [debug] ([34mindex.js[0m) [31mloading model at "/usr/local/lib/node_modules/fdk/lib/models/string-pivot.js"[0m
2021-11-06 21:14:06.536 +0530 [debug] ([34mdata-util.js[0m) [31mRead {"Bookmark-Tickets-With-Notes:ticket_bookmarks:27000084825_freshservice":{"tickets":[{"display_id":5,"subject":"Keyboard not working issue","notes":"bmbigj\\\n"}],"createdAt":1636212111280,"updatedAt":1636212111280}}[0m
2021-11-06 21:14:06.538 +0530 [debug] ([34mcustom-objects.js[0m) [31mupdated local store with latest entity hash[0m
2021-11-06 21:14:06.540 +0530 [info] Starting local testing server at http://*:10001/    
Append 'dev=true' to your Freshservice account URL to start testing    
e.g. https://domain.freshservice.com/helpdesk/tickets/1?dev=true    
Quit the server with Control-C.
2021-11-06 21:15:08.405 +0530 [debug] ([34mdata-util.js[0m) [31mRead {"Bookmark-Tickets-With-Notes:ticket_bookmarks:27000084825_freshservice":{"tickets":[{"display_id":5,"subject":"Keyboard not working issue","notes":"bmbigj\\\n"}],"createdAt":1636212111280,"updatedAt":1636212111280}}[0m
2021-11-06 21:15:08.417 +0530 [debug] ([34mdata-util.js[0m) [31mRead {"Bookmark-Tickets-With-Notes:ticket_bookmarks:27000084825_freshservice":{"tickets":[{"display_id":5,"subject":"Keyboard not working issue","notes":"bmbigj\\\n"}],"createdAt":1636212111280,"updatedAt":1636212111280}}[0m
2021-11-06 21:15:08.427 +0530 [debug] ([34miframe.js[0m) [31mResponding to product with {"configs":{},"displayName":"Bookmark-Tickets-With-Notes","product":{"freshservice":{"location":{"ticket_sidebar":{"url":"index.html","icon":"styles/images/icon.svg"}}}},"features":["db"],"actions":false,"omni":false,"products":["freshservice"],"platform":"2.2","v2":[{"id":1,"version_id":1,"configs":{},"displayName":"Bookmark-Tickets-With-Notes","placeholders":{"ticket_sidebar":{"url":"http://localhost:10001/iframe/index.html","icon":"styles/images/icon.svg"}}}]}[0m
2021-11-06 21:15:09.364 +0530 [debug] ([34mdata-util.js[0m) [31mRead {"Bookmark-Tickets-With-Notes:ticket_bookmarks:27000084825_freshservice":{"tickets":[{"display_id":5,"subject":"Keyboard not working issue","notes":"bmbigj\\\n"}],"createdAt":1636212111280,"updatedAt":1636212111280}}[0m
2021-11-06 21:15:09.389 +0530 [debug] ([34mdata-util.js[0m) [31mRead {"Bookmark-Tickets-With-Notes:ticket_bookmarks:27000084825_freshservice":{"tickets":[{"display_id":5,"subject":"Keyboard not working issue","notes":"bmbigj\\\n"}],"createdAt":1636212111280,"updatedAt":1636212111280}}[0m
2021-11-06 21:15:09.395 +0530 [debug] ([34miframe.js[0m) [31mResponding to product with {"configs":{},"displayName":"Bookmark-Tickets-With-Notes","product":{"freshservice":{"location":{"ticket_sidebar":{"url":"index.html","icon":"styles/images/icon.svg"}}}},"features":["db"],"actions":false,"omni":false,"products":["freshservice"],"platform":"2.2","v2":[{"id":1,"version_id":1,"configs":{},"displayName":"Bookmark-Tickets-With-Notes","placeholders":{"ticket_sidebar":{"url":"http://localhost:10001/iframe/index.html","icon":"styles/images/icon.svg"}}}]}[0m
2021-11-06 21:15:14.080 +0530 [debug] ([34miframe.js[0m) [31mResponding with contents of /index.html[0m
2021-11-06 21:15:14.154 +0530 [debug] ([34miframe.js[0m) [31mResponding with contents of /scripts/app.js[0m
2021-11-06 21:15:14.156 +0530 [debug] ([34mcoverage-util.js[0m) [31mInstrumenting /home/chaitanya/Desktop/FreshwrksHackathon/Bookmark-Tickets-With-Notes/app/scripts/app.js[0m
2021-11-06 21:15:15.585 +0530 [debug] ([34mdata-pipe.js[0m) [31mreceived call for route "db" with action "fetch" and body {"dbKey":"ticket_bookmarks:27000084825","action":"fetch"}[0m
2021-11-06 21:15:15.659 +0530 [debug] ([34mdata-util.js[0m) [31mRead {"Bookmark-Tickets-With-Notes:ticket_bookmarks:27000084825_freshservice":{"tickets":[{"display_id":5,"subject":"Keyboard not working issue","notes":"bmbigj\\\n"}],"createdAt":1636212111280,"updatedAt":1636212111280}}[0m
2021-11-06 21:15:17.025 +0530 [debug] ([34mcoverage-util.js[0m) [31mWriting coverage.[0m
2021-11-06 21:15:29.573 +0530 [debug] ([34miframe.js[0m) [31mResponding with contents of /views/modal.html[0m
2021-11-06 21:15:29.627 +0530 [debug] ([34miframe.js[0m) [31mResponding with contents of /scripts/modal.js[0m
2021-11-06 21:15:29.629 +0530 [debug] ([34mcoverage-util.js[0m) [31mInstrumenting /home/chaitanya/Desktop/FreshwrksHackathon/Bookmark-Tickets-With-Notes/app/scripts/modal.js[0m
2021-11-06 21:15:31.026 +0530 [debug] ([34mcoverage-util.js[0m) [31mWriting coverage.[0m
2021-11-06 21:15:31.481 +0530 [debug] ([34mdata-pipe.js[0m) [31mreceived call for route "db" with action "fetch" and body {"dbKey":"ticket_bookmarks:27000084825","action":"fetch"}[0m
2021-11-06 21:15:31.483 +0530 [debug] ([34mdata-util.js[0m) [31mRead {"Bookmark-Tickets-With-Notes:ticket_bookmarks:27000084825_freshservice":{"tickets":[{"display_id":5,"subject":"Keyboard not working issue","notes":"bmbigj\\\n"}],"createdAt":1636212111280,"updatedAt":1636212111280}}[0m
2021-11-06 21:15:31.515 +0530 [debug] ([34mdata-pipe.js[0m) [31mreceived call for route "db" with action "store" and body {"dbKey":"ticket_bookmarks:27000084825","data":{"tickets":[]},"options":{},"action":"store"}[0m
2021-11-06 21:15:31.518 +0530 [debug] ([34mdata-util.js[0m) [31mRead {"Bookmark-Tickets-With-Notes:ticket_bookmarks:27000084825_freshservice":{"tickets":[{"display_id":5,"subject":"Keyboard not working issue","notes":"bmbigj\\\n"}],"createdAt":1636212111280,"updatedAt":1636212111280}}[0m
2021-11-06 21:15:31.519 +0530 [debug] ([34mdb.js[0m) [31mStored {"tickets":[],"createdAt":1636213531517,"updatedAt":1636213531517} with key Bookmark-Tickets-With-Notes:ticket_bookmarks:27000084825_freshservice[0m
2021-11-06 21:15:31.933 +0530 [debug] ([34mcoverage-util.js[0m) [31mWriting coverage.[0m
2021-11-06 21:15:33.017 +0530 [debug] ([34mcoverage-util.js[0m) [31mWriting coverage.[0m
2021-11-06 21:15:43.017 +0530 [debug] ([34mcoverage-util.js[0m) [31mWriting coverage.[0m
2021-11-06 21:15:57.471 +0530 [debug] ([34mcoverage-util.js[0m) [31mWriting coverage.[0m
2021-11-06 21:15:59.470 +0530 [debug] ([34mcoverage-util.js[0m) [31mWriting coverage.[0m
2021-11-06 21:16:01.469 +0530 [debug] ([34mcoverage-util.js[0m) [31mWriting coverage.[0m
2021-11-06 21:16:03.471 +0530 [debug] ([34mcoverage-util.js[0m) [31mWriting coverage.[0m
2021-11-06 21:16:07.470 +0530 [debug] ([34mcoverage-util.js[0m) [31mWriting coverage.[0m
2021-11-06 21:16:09.469 +0530 [debug] ([34mcoverage-util.js[0m) [31mWriting coverage.[0m
2021-11-06 21:16:11.468 +0530 [debug] ([34mcoverage-util.js[0m) [31mWriting coverage.[0m
2021-11-06 21:16:15.470 +0530 [debug] ([34mcoverage-util.js[0m) [31mWriting coverage.[0m
2021-11-06 21:16:25.159 +0530 [debug] ([34mdata-pipe.js[0m) [31mreceived call for route "db" with action "fetch" and body {"dbKey":"ticket_bookmarks:27000084825","action":"fetch"}[0m
2021-11-06 21:16:25.163 +0530 [debug] ([34mdata-util.js[0m) [31mRead {"Bookmark-Tickets-With-Notes:ticket_bookmarks:27000084825_freshservice":{"tickets":[],"createdAt":1636213531517,"updatedAt":1636213531517}}[0m
2021-11-06 21:16:25.206 +0530 [debug] ([34mdata-pipe.js[0m) [31mreceived call for route "db" with action "store" and body {"dbKey":"ticket_bookmarks:27000084825","data":{"tickets":[{"display_id":5,"subject":"Keyboard not working issue","notes":"it Service Management System  how to"}]},"options":{},"action":"store"}[0m
2021-11-06 21:16:25.207 +0530 [debug] ([34mdata-util.js[0m) [31mRead {"Bookmark-Tickets-With-Notes:ticket_bookmarks:27000084825_freshservice":{"tickets":[],"createdAt":1636213531517,"updatedAt":1636213531517}}[0m
2021-11-06 21:16:25.208 +0530 [debug] ([34mdb.js[0m) [31mStored {"tickets":[{"display_id":5,"subject":"Keyboard not working issue","notes":"it Service Management System  how to"}],"createdAt":1636213585207,"updatedAt":1636213585207} with key Bookmark-Tickets-With-Notes:ticket_bookmarks:27000084825_freshservice[0m
2021-11-06 21:16:26.607 +0530 [debug] ([34mcoverage-util.js[0m) [31mWriting coverage.[0m
2021-11-06 21:16:33.930 +0530 [debug] ([34mdata-util.js[0m) [31mRead {"Bookmark-Tickets-With-Notes:ticket_bookmarks:27000084825_freshservice":{"tickets":[{"display_id":5,"subject":"Keyboard not working issue","notes":"it Service Management System  how to"}],"createdAt":1636213585207,"updatedAt":1636213585207}}[0m
2021-11-06 21:16:33.931 +0530 [debug] ([34mdata-util.js[0m) [31mRead {"Bookmark-Tickets-With-Notes:ticket_bookmarks:27000084825_freshservice":{"tickets":[{"display_id":5,"subject":"Keyboard not working issue","notes":"it Service Management System  how to"}],"createdAt":1636213585207,"updatedAt":1636213585207}}[0m
2021-11-06 21:16:33.932 +0530 [debug] ([34miframe.js[0m) [31mResponding to product with {"configs":{},"displayName":"Bookmark-Tickets-With-Notes","product":{"freshservice":{"location":{"ticket_sidebar":{"url":"index.html","icon":"styles/images/icon.svg"}}}},"features":["db"],"actions":false,"omni":false,"products":["freshservice"],"platform":"2.2","v2":[{"id":1,"version_id":1,"configs":{},"displayName":"Bookmark-Tickets-With-Notes","placeholders":{"ticket_sidebar":{"url":"http://localhost:10001/iframe/index.html","icon":"styles/images/icon.svg"}}}]}[0m
2021-11-06 21:16:34.148 +0530 [debug] ([34miframe.js[0m) [31mResponding with contents of /index.html[0m
2021-11-06 21:16:34.190 +0530 [debug] ([34miframe.js[0m) [31mResponding with contents of /scripts/app.js[0m
2021-11-06 21:16:34.191 +0530 [debug] ([34mcoverage-util.js[0m) [31mInstrumenting /home/chaitanya/Desktop/FreshwrksHackathon/Bookmark-Tickets-With-Notes/app/scripts/app.js[0m
2021-11-06 21:16:36.716 +0530 [debug] ([34mdata-util.js[0m) [31mRead {"Bookmark-Tickets-With-Notes:ticket_bookmarks:27000084825_freshservice":{"tickets":[{"display_id":5,"subject":"Keyboard not working issue","notes":"it Service Management System  how to"}],"createdAt":1636213585207,"updatedAt":1636213585207}}[0m
2021-11-06 21:16:36.729 +0530 [debug] ([34mdata-util.js[0m) [31mRead {"Bookmark-Tickets-With-Notes:ticket_bookmarks:27000084825_freshservice":{"tickets":[{"display_id":5,"subject":"Keyboard not working issue","notes":"it Service Management System  how to"}],"createdAt":1636213585207,"updatedAt":1636213585207}}[0m
2021-11-06 21:16:36.730 +0530 [debug] ([34miframe.js[0m) [31mResponding to product with {"configs":{},"displayName":"Bookmark-Tickets-With-Notes","product":{"freshservice":{"location":{"ticket_sidebar":{"url":"index.html","icon":"styles/images/icon.svg"}}}},"features":["db"],"actions":false,"omni":false,"products":["freshservice"],"platform":"2.2","v2":[{"id":1,"version_id":1,"configs":{},"displayName":"Bookmark-Tickets-With-Notes","placeholders":{"ticket_sidebar":{"url":"http://localhost:10001/iframe/index.html","icon":"styles/images/icon.svg"}}}]}[0m
2021-11-06 21:16:37.465 +0530 [debug] ([34mcoverage-util.js[0m) [31mWriting coverage.[0m
2021-11-06 21:16:38.522 +0530 [debug] ([34mdata-pipe.js[0m) [31mreceived call for route "db" with action "fetch" and body {"dbKey":"ticket_bookmarks:27000084825","action":"fetch"}[0m
2021-11-06 21:16:38.533 +0530 [debug] ([34mdata-util.js[0m) [31mRead {"Bookmark-Tickets-With-Notes:ticket_bookmarks:27000084825_freshservice":{"tickets":[{"display_id":5,"subject":"Keyboard not working issue","notes":"it Service Management System  how to"}],"createdAt":1636213585207,"updatedAt":1636213585207}}[0m
2021-11-06 21:16:39.415 +0530 [debug] ([34mcoverage-util.js[0m) [31mWriting coverage.[0m
2021-11-06 21:16:42.225 +0530 [debug] ([34mdata-pipe.js[0m) [31mreceived call for route "db" with action "fetch" and body {"dbKey":"ticket_bookmarks:27000084825","action":"fetch"}[0m
2021-11-06 21:16:42.227 +0530 [debug] ([34mdata-util.js[0m) [31mRead {"Bookmark-Tickets-With-Notes:ticket_bookmarks:27000084825_freshservice":{"tickets":[{"display_id":5,"subject":"Keyboard not working issue","notes":"it Service Management System  how to"}],"createdAt":1636213585207,"updatedAt":1636213585207}}[0m
2021-11-06 21:16:42.878 +0530 [debug] ([34mdata-pipe.js[0m) [31mreceived call for route "db" with action "store" and body {"dbKey":"ticket_bookmarks:27000084825","data":{"tickets":[{"display_id":5,"subject":"Keyboard not working issue","notes":"it Service Management System  how to","domainName":"yashtechnologiespvtltd.freshservice.com"},{"display_id":6,"subject":"Laptop not working issue","notes":"No personal note was added for this ticket."}]},"options":{},"action":"store"}[0m
2021-11-06 21:16:42.879 +0530 [debug] ([34mdata-util.js[0m) [31mRead {"Bookmark-Tickets-With-Notes:ticket_bookmarks:27000084825_freshservice":{"tickets":[{"display_id":5,"subject":"Keyboard not working issue","notes":"it Service Management System  how to"}],"createdAt":1636213585207,"updatedAt":1636213585207}}[0m
2021-11-06 21:16:42.880 +0530 [debug] ([34mdb.js[0m) [31mStored {"tickets":[{"display_id":5,"subject":"Keyboard not working issue","notes":"it Service Management System  how to","domainName":"yashtechnologiespvtltd.freshservice.com"},{"display_id":6,"subject":"Laptop not working issue","notes":"No personal note was added for this ticket."}],"createdAt":1636213602879,"updatedAt":1636213602879} with key Bookmark-Tickets-With-Notes:ticket_bookmarks:27000084825_freshservice[0m
2021-11-06 21:16:43.417 +0530 [debug] ([34mcoverage-util.js[0m) [31mWriting coverage.[0m
2021-11-06 21:16:51.761 +0530 [debug] ([34mdata-util.js[0m) [31mRead {"Bookmark-Tickets-With-Notes:ticket_bookmarks:27000084825_freshservice":{"tickets":[{"display_id":5,"subject":"Keyboard not working issue","notes":"it Service Management System  how to","domainName":"yashtechnologiespvtltd.freshservice.com"},{"display_id":6,"subject":"Laptop not working issue","notes":"No personal note was added for this ticket."}],"createdAt":1636213602879,"updatedAt":1636213602879}}[0m
2021-11-06 21:16:51.763 +0530 [debug] ([34mdata-util.js[0m) [31mRead {"Bookmark-Tickets-With-Notes:ticket_bookmarks:27000084825_freshservice":{"tickets":[{"display_id":5,"subject":"Keyboard not working issue","notes":"it Service Management System  how to","domainName":"yashtechnologiespvtltd.freshservice.com"},{"display_id":6,"subject":"Laptop not working issue","notes":"No personal note was added for this ticket."}],"createdAt":1636213602879,"updatedAt":1636213602879}}[0m
2021-11-06 21:16:51.763 +0530 [debug] ([34miframe.js[0m) [31mResponding to product with {"configs":{},"displayName":"Bookmark-Tickets-With-Notes","product":{"freshservice":{"location":{"ticket_sidebar":{"url":"index.html","icon":"styles/images/icon.svg"}}}},"features":["db"],"actions":false,"omni":false,"products":["freshservice"],"platform":"2.2","v2":[{"id":1,"version_id":1,"configs":{},"displayName":"Bookmark-Tickets-With-Notes","placeholders":{"ticket_sidebar":{"url":"http://localhost:10001/iframe/index.html","icon":"styles/images/icon.svg"}}}]}[0m
2021-11-06 21:16:52.157 +0530 [debug] ([34miframe.js[0m) [31mResponding with contents of /index.html[0m
2021-11-06 21:16:52.238 +0530 [debug] ([34miframe.js[0m) [31mResponding with contents of /scripts/app.js[0m
2021-11-06 21:16:52.240 +0530 [debug] ([34mcoverage-util.js[0m) [31mInstrumenting /home/chaitanya/Desktop/FreshwrksHackathon/Bookmark-Tickets-With-Notes/app/scripts/app.js[0m
2021-11-06 21:16:55.390 +0530 [debug] ([34mcoverage-util.js[0m) [31mWriting coverage.[0m
2021-11-06 21:16:56.065 +0530 [debug] ([34mdata-util.js[0m) [31mRead {"Bookmark-Tickets-With-Notes:ticket_bookmarks:27000084825_freshservice":{"tickets":[{"display_id":5,"subject":"Keyboard not working issue","notes":"it Service Management System  how to","domainName":"yashtechnologiespvtltd.freshservice.com"},{"display_id":6,"subject":"Laptop not working issue","notes":"No personal note was added for this ticket."}],"createdAt":1636213602879,"updatedAt":1636213602879}}[0m
2021-11-06 21:16:56.067 +0530 [debug] ([34mdata-util.js[0m) [31mRead {"Bookmark-Tickets-With-Notes:ticket_bookmarks:27000084825_freshservice":{"tickets":[{"display_id":5,"subject":"Keyboard not working issue","notes":"it Service Management System  how to","domainName":"yashtechnologiespvtltd.freshservice.com"},{"display_id":6,"subject":"Laptop not working issue","notes":"No personal note was added for this ticket."}],"createdAt":1636213602879,"updatedAt":1636213602879}}[0m
2021-11-06 21:16:56.068 +0530 [debug] ([34miframe.js[0m) [31mResponding to product with {"configs":{},"displayName":"Bookmark-Tickets-With-Notes","product":{"freshservice":{"location":{"ticket_sidebar":{"url":"index.html","icon":"styles/images/icon.svg"}}}},"features":["db"],"actions":false,"omni":false,"products":["freshservice"],"platform":"2.2","v2":[{"id":1,"version_id":1,"configs":{},"displayName":"Bookmark-Tickets-With-Notes","placeholders":{"ticket_sidebar":{"url":"http://localhost:10001/iframe/index.html","icon":"styles/images/icon.svg"}}}]}[0m
2021-11-06 21:16:57.353 +0530 [debug] ([34mdata-pipe.js[0m) [31mreceived call for route "db" with action "fetch" and body {"dbKey":"ticket_bookmarks:27000084825","action":"fetch"}[0m
2021-11-06 21:16:57.358 +0530 [debug] ([34mdata-util.js[0m) [31mRead {"Bookmark-Tickets-With-Notes:ticket_bookmarks:27000084825_freshservice":{"tickets":[{"display_id":5,"subject":"Keyboard not working issue","notes":"it Service Management System  how to","domainName":"yashtechnologiespvtltd.freshservice.com"},{"display_id":6,"subject":"Laptop not working issue","notes":"No personal note was added for this ticket."}],"createdAt":1636213602879,"updatedAt":1636213602879}}[0m
2021-11-06 21:16:57.461 +0530 [debug] ([34mcoverage-util.js[0m) [31mWriting coverage.[0m
2021-11-06 21:16:59.392 +0530 [debug] ([34mcoverage-util.js[0m) [31mWriting coverage.[0m
2021-11-06 21:17:13.508 +0530 [debug] ([34mdata-pipe.js[0m) [31mreceived call for route "db" with action "fetch" and body {"dbKey":"ticket_bookmarks:27000084825","action":"fetch"}[0m
2021-11-06 21:17:13.511 +0530 [debug] ([34mdata-util.js[0m) [31mRead {"Bookmark-Tickets-With-Notes:ticket_bookmarks:27000084825_freshservice":{"tickets":[{"display_id":5,"subject":"Keyboard not working issue","notes":"it Service Management System  how to","domainName":"yashtechnologiespvtltd.freshservice.com"},{"display_id":6,"subject":"Laptop not working issue","notes":"No personal note was added for this ticket."}],"createdAt":1636213602879,"updatedAt":1636213602879}}[0m
2021-11-06 21:17:13.568 +0530 [debug] ([34mdata-pipe.js[0m) [31mreceived call for route "db" with action "store" and body {"dbKey":"ticket_bookmarks:27000084825","data":{"tickets":[{"display_id":5,"subject":"Keyboard not working issue","notes":"it Service Management System  how to","domainName":"yashtechnologiespvtltd.freshservice.com"},{"display_id":6,"subject":"Laptop not working issue","notes":"No personal note was added for this ticket.","domainName":"yashtechnologiespvtltd.freshservice.com"},{"display_id":7,"subject":"Hardware Isue","notes":"IT service management -- often referred to as ITSM -- is simply how IT teams manage the end-to-end delivery of IT services to customers. This includes all the processes and activities to design, create, deliver, and support IT services."}]},"options":{},"action":"store"}[0m
2021-11-06 21:17:13.571 +0530 [debug] ([34mdata-util.js[0m) [31mRead {"Bookmark-Tickets-With-Notes:ticket_bookmarks:27000084825_freshservice":{"tickets":[{"display_id":5,"subject":"Keyboard not working issue","notes":"it Service Management System  how to","domainName":"yashtechnologiespvtltd.freshservice.com"},{"display_id":6,"subject":"Laptop not working issue","notes":"No personal note was added for this ticket."}],"createdAt":1636213602879,"updatedAt":1636213602879}}[0m
2021-11-06 21:17:13.571 +0530 [debug] ([34mdb.js[0m) [31mStored {"tickets":[{"display_id":5,"subject":"Keyboard not working issue","notes":"it Service Management System  how to","domainName":"yashtechnologiespvtltd.freshservice.com"},{"display_id":6,"subject":"Laptop not working issue","notes":"No personal note was added for this ticket.","domainName":"yashtechnologiespvtltd.freshservice.com"},{"display_id":7,"subject":"Hardware Isue","notes":"IT service management -- often referred to as ITSM -- is simply how IT teams manage the end-to-end delivery of IT services to customers. This includes all the processes and activities to design, create, deliver, and support IT services."}],"createdAt":1636213633570,"updatedAt":1636213633570} with key Bookmark-Tickets-With-Notes:ticket_bookmarks:27000084825_freshservice[0m
2021-11-06 21:17:15.183 +0530 [debug] ([34mcoverage-util.js[0m) [31mWriting coverage.[0m
2021-11-06 21:17:18.951 +0530 [debug] ([34miframe.js[0m) [31mResponding with contents of /views/modal.html[0m
2021-11-06 21:17:19.018 +0530 [debug] ([34miframe.js[0m) [31mResponding with contents of /scripts/modal.js[0m
2021-11-06 21:17:19.019 +0530 [debug] ([34mcoverage-util.js[0m) [31mInstrumenting /home/chaitanya/Desktop/FreshwrksHackathon/Bookmark-Tickets-With-Notes/app/scripts/modal.js[0m
2021-11-06 21:17:19.240 +0530 [debug] ([34mcoverage-util.js[0m) [31mWriting coverage.[0m
2021-11-06 21:17:21.239 +0530 [debug] ([34mcoverage-util.js[0m) [31mWriting coverage.[0m
